mode: set
github.com/rmcluster/backend/server/scheduler_subscriber/node_impl.go:18.28,20.2 1 1
github.com/rmcluster/backend/server/scheduler_subscriber/node_impl.go:23.28,25.2 1 1
github.com/rmcluster/backend/server/scheduler_subscriber/node_impl.go:28.27,30.2 1 1
github.com/rmcluster/backend/server/scheduler_subscriber/node_impl.go:33.32,35.2 1 1
github.com/rmcluster/backend/server/scheduler_subscriber/node_impl.go:38.34,40.2 1 1
github.com/rmcluster/backend/server/scheduler_subscriber/node_impl.go:43.34,45.2 1 1
github.com/rmcluster/backend/server/scheduler_subscriber/node_impl.go:48.39,50.2 1 1
github.com/rmcluster/backend/server/scheduler_subscriber/node_impl.go:53.34,55.2 1 1
github.com/rmcluster/backend/server/scheduler_subscriber/node_impl.go:58.38,60.2 1 1
github.com/rmcluster/backend/server/scheduler_subscriber/subscriber.go:19.82,24.2 1 1
github.com/rmcluster/backend/server/scheduler_subscriber/subscriber.go:27.73,34.20 4 1
github.com/rmcluster/backend/server/scheduler_subscriber/subscriber.go:34.20,38.3 3 1
github.com/rmcluster/backend/server/scheduler_subscriber/subscriber.go:40.2,42.118 2 1
github.com/rmcluster/backend/server/scheduler_subscriber/subscriber.go:42.118,46.3 3 1
github.com/rmcluster/backend/server/scheduler_subscriber/subscriber.go:49.78,53.2 3 1
github.com/rmcluster/backend/server/scheduler_subscriber/subscriber.go:56.80,62.2 4 1
github.com/rmcluster/backend/server/scheduler_subscriber/subscriber.go:64.80,71.2 5 1
github.com/rmcluster/backend/server/scheduler_subscriber/subscriber.go:73.66,85.2 1 1
